<?xml version="1.0" encoding="UTF-8"?>
<!-- Generated by org.testng.reporters.JUnitReportReporter -->
<testsuite hostname="SHUBHAMB-IND-C" failures="0" tests="2" name="SocialMediaAutomation.tests.SMATestCasesYouTube" time="35.109" errors="0" timestamp="2023-04-13T23:41:37 IST" skipped="0">
  <testcase classname="SocialMediaAutomation.tests.SMATestCasesYouTube" name="YouTube_C100Open_Youtube_and_Verify" time="18.238"/>
  <system-out/>
  <testcase classname="SocialMediaAutomation.tests.SMATestCasesYouTube" name="YouTube_C100Open_Youtube_and_Verify" time="16.871"/>
  <system-out/>
</testsuite> <!-- SocialMediaAutomation.tests.SMATestCasesYouTube -->
